make all --print-data-base --no-builtin-variables --no-builtin-rules --question
# GNU Make 3.81
# Copyright (C) 2006  Free Software Foundation, Inc.
# This is free software; see the source for copying conditions.
# There is NO warranty; not even for MERCHANTABILITY or FITNESS FOR A
# PARTICULAR PURPOSE.

# This program built for i386-apple-darwin11.3.0
 

# Make data base, printed on Fri Aug 12 17:12:06 2022

# Variables

 
# automatic
<D = $(patsubst %/,%,$(dir $<))
# automatic
?F = $(notdir $?)
# environment
VSCODE_LOG_NATIVE = false
# automatic
?D = $(patsubst %/,%,$(dir $?))
# automatic
@D = $(patsubst %/,%,$(dir $@))
# automatic
@F = $(notdir $@)
# makefile
CURDIR := /Users/user/Documents/42/42-minishell
# makefile
SHELL = /bin/sh
# makefile (from `Makefile', line 60)
RM = rm -rf
# environment
VSCODE_NLS_CONFIG = {"locale":"fr","availableLanguages":{},"_languagePackSupport":true}
# environment
_ = /usr/bin/make
# makefile (from `Makefile', line 62)
CFLAGS = -Wall -Wextra -Werror -g -fsanitize=address
# makefile (from `Makefile', line 1)
MAKEFILE_LIST :=  Makefile
# makefile (from `Makefile', line 48)
SOURCES := srcs/lexer/parse_input.c srcs/lexer/tokens_handler.c srcs/parser/trimmer.c srcs/parser/convert_tokens_to_commands.c srcs/parser/commands_handler.c srcs/parser/commands_utils.c srcs/lexer/check_tokens.c srcs/parser/free_parser.c srcs/parser/splitter.c srcs/lexer/check_quotes.c srcs/parser/redirections_handler.c srcs/lexer/analyze_tokens.c srcs/lexer/tokens_utils.c srcs/parser/quotes_utils.c srcs/expander/expander.c srcs/expander/expander_utils.c srcs/lexer/convert_input_to_tokens.c srcs/exec/env_utils.c srcs/exec/testmain.c srcs/exec/ft_exec.c srcs/exec/ft_heredoc.c srcs/exec/gnl.c srcs/exec/ft_fork.c srcs/exec/redir.c srcs/exec/pipes.c srcs/exec/handle_fd.c srcs/exec/exec_utils.c srcs/exec/get_path.c srcs/exec/child.c srcs/exec/signals.c srcs/utils/say_hello.c srcs/builtin/builtin_utils.c srcs/builtin/ft_cd.c srcs/builtin/ft_echo.c srcs/builtin/ft_env.c srcs/builtin/ft_export.c srcs/builtin/ft_pwd.c srcs/builtin/ft_unset.c srcs/builtin/ft_exit.c srcs/utils/print_messages.c srcs/utils/magic_malloc.c srcs/utils/magic_malloc_free.c
# environment
VSCODE_VERBOSE_LOGGING = true
# makefile (from `Makefile', line 50)
OBJS := objs/lexer/parse_input.o objs/lexer/tokens_handler.o objs/parser/trimmer.o objs/parser/convert_tokens_to_commands.o objs/parser/commands_handler.o objs/parser/commands_utils.o objs/lexer/check_tokens.o objs/parser/free_parser.o objs/parser/splitter.o objs/lexer/check_quotes.o objs/parser/redirections_handler.o objs/lexer/analyze_tokens.o objs/lexer/tokens_utils.o objs/parser/quotes_utils.o objs/expander/expander.o objs/expander/expander_utils.o objs/lexer/convert_input_to_tokens.o objs/exec/env_utils.o objs/exec/testmain.o objs/exec/ft_exec.o objs/exec/ft_heredoc.o objs/exec/gnl.o objs/exec/ft_fork.o objs/exec/redir.o objs/exec/pipes.o objs/exec/handle_fd.o objs/exec/exec_utils.o objs/exec/get_path.o objs/exec/child.o objs/exec/signals.o objs/utils/say_hello.o objs/builtin/builtin_utils.o objs/builtin/ft_cd.o objs/builtin/ft_echo.o objs/builtin/ft_env.o objs/builtin/ft_export.o objs/builtin/ft_pwd.o objs/builtin/ft_unset.o objs/builtin/ft_exit.o objs/utils/print_messages.o objs/utils/magic_malloc.o objs/utils/magic_malloc_free.o
# environment
VSCODE_IPC_HOOK_EXTHOST = /var/folders/7_/2w6n1_dn0mv10rzf_ls_bl400000gn/T/vscode-ipc-0585b2fb-9741-4086-90a2-5aba949bab19.sock
# environment
VSCODE_CWD = /
# environment
PATH = /usr/local/bin:/usr/bin:/bin:/usr/sbin:/sbin
# environment
LSCOLORS = Gxfxcxdxbxegedabagacad
# makefile (from `Makefile', line 64)
LIBFLAGS = -L./libft -lft -lreadline -L .brew/opt/readline/lib -I .brew/opt/readline/include
# environment
VSCODE_LOG_STACK = false
# environment
ELECTRON_RUN_AS_NODE = 1
# default
.FEATURES := target-specific order-only second-expansion else-if archives jobserver check-symlink
# environment
SSH_AUTH_SOCK = /private/tmp/com.apple.launchd.XhNs8R4vgx/Listeners
# makefile (from `Makefile', line 44)
SRCDIR = srcs
# automatic
%F = $(notdir $%)
# environment
VSCODE_PIPE_LOGGING = true
# environment
PWD = /Users/user/Documents/42/42-minishell
# environment
ORIGINAL_XDG_CURRENT_DESKTOP = undefined
# environment
VSCODE_AMD_ENTRYPOINT = vs/workbench/api/node/extensionHostProcess
# environment
HOME = /Users/user
# default
MAKEFILEPATH = $(shell /usr/bin/xcode-select -print-path 2>/dev/null || echo /Developer)/Makefiles
# environment
VSCODE_CODE_CACHE_PATH = /Users/user/Library/Application Support/Code/CachedData/30d9c6cd9483b2cc586687151bcbcd635f373630
# environment
LOGNAME = user
# environment
APPLICATION_INSIGHTS_NO_DIAGNOSTIC_CHANNEL = 1
# environment
ZSH = /Users/user/.oh-my-zsh
# environment
VSCODE_HANDLES_UNCAUGHT_ERRORS = true
# automatic
^D = $(patsubst %/,%,$(dir $^))
# environment
XPC_FLAGS = 0x0
# default
MAKE = $(MAKE_COMMAND)
# default
MAKECMDGOALS := all
# makefile (from `Makefile', line 1)
SRCS = lexer/parse_input.c lexer/tokens_handler.c parser/trimmer.c parser/convert_tokens_to_commands.c parser/commands_handler.c parser/commands_utils.c lexer/check_tokens.c parser/free_parser.c parser/splitter.c lexer/check_quotes.c parser/redirections_handler.c lexer/analyze_tokens.c lexer/tokens_utils.c parser/quotes_utils.c expander/expander.c expander/expander_utils.c lexer/convert_input_to_tokens.c exec/env_utils.c exec/testmain.c exec/ft_exec.c exec/ft_heredoc.c exec/gnl.c exec/ft_fork.c exec/redir.c exec/pipes.c exec/handle_fd.c exec/exec_utils.c exec/get_path.c exec/child.c exec/signals.c utils/say_hello.c builtin/builtin_utils.c builtin/ft_cd.c builtin/ft_echo.c builtin/ft_env.c builtin/ft_export.c builtin/ft_pwd.c builtin/ft_unset.c builtin/ft_exit.c utils/print_messages.c utils/magic_malloc.c utils/magic_malloc_free.c 
# environment
SHLVL = 1
# makefile (from `Makefile', line 59)
CC = cc
# default
MAKE_VERSION := 3.81
# environment
USER = user
# makefile
.DEFAULT_GOAL := minishell
# makefile (from `Makefile', line 53)
NAME = minishell
# environment
LESS = -R
# automatic
%D = $(patsubst %/,%,$(dir $%))
# default
MAKE_COMMAND := /Library/Developer/CommandLineTools/usr/bin/make
# makefile (from `Makefile', line 57)
INC = -I ./includes -I ./libft
# default
.VARIABLES := 
# environment
TMPDIR = /var/folders/7_/2w6n1_dn0mv10rzf_ls_bl400000gn/T/
# automatic
*F = $(notdir $*)
# environment
VSCODE_IPC_HOOK = /Users/user/Library/Application Support/Code/1.68.1-main.sock
# makefile
MAKEFLAGS = Rrqp
# environment
MFLAGS = -Rrqp
# automatic
*D = $(patsubst %/,%,$(dir $*))
# environment
XPC_SERVICE_NAME = com.microsoft.VSCode.5408
# automatic
+D = $(patsubst %/,%,$(dir $+))
# automatic
+F = $(notdir $+)
# environment
__CF_USER_TEXT_ENCODING = 0x1F5:0x0:0x1
# default
MAKEFILES := 
# automatic
<F = $(notdir $<)
# makefile (from `Makefile', line 46)
OBJDIR = objs
# environment
PAGER = less
# environment
LC_ALL = C
# automatic
^F = $(notdir $^)
# default
SUFFIXES := 
# makefile (from `Makefile', line 55)
LFT = libft/libft.a
# default
.INCLUDE_DIRS = /usr/local/include
# environment
 
MAKELEVEL := 0
# environment
LANG = C
# environment
VSCODE_PID = 36958
# variable set hash-table stats:
# Load=76/1024=7%, Rehash=0, Collisions=3/114=3%

# Pattern-specific Variable Values

# No pattern-specific variable values.

# Directories

# srcs/expander (device 16777220, inode 12888812861): 4 files, no impossibilities so far.
# . (device 16777220, inode 12888812712): 15 files, no impossibilities.
# srcs/utils (device 16777220, inode 12888812894): 6 files, no impossibilities so far.
# srcs/builtin (device 16777220, inode 12888812838): 10 files, no impossibilities so far.
# srcs/exec (device 16777220, inode 12888812847): 15 files, no impossibilities so far.
# srcs (device 16777220, inode 12888812837): No files, no impossibilities so far.
# srcs/lexer (device 16777220, inode 12888812864): 9 files, no impossibilities so far.
# srcs/parser (device 16777220, inode 12888812872): 10 files, no impossibilities so far.

# 69 files, no impossibilities in 8 directories.

# Implicit Rules

objs/%.o: srcs/%.c
#  commands to execute (from `Makefile', line 72):
	@[ ! -d ${OBJDIR} ] && mkdir -p  ${OBJDIR} || true
	@[ ! -d ${OBJDIR}/exec/ ] && mkdir -p  ${OBJDIR}/exec/ || true
	@[ ! -d ${OBJDIR}/parser/ ] && mkdir -p  ${OBJDIR}/parser/ || true
	@[ ! -d ${OBJDIR}/builtin/ ] && mkdir -p  ${OBJDIR}/builtin/ || true
	@[ ! -d ${OBJDIR}/utils/ ] && mkdir -p  ${OBJDIR}/utils/ || true
	@[ ! -d ${OBJDIR}/lexer/ ] && mkdir -p  ${OBJDIR}/lexer/ || true
	@[ ! -d ${OBJDIR}/expander/ ] && mkdir -p  ${OBJDIR}/expander/ || true
	@$(CC) $(CFLAGS) -c ${INC} $< -o $@
	

# 1 implicit rules, 0 (0.0%) terminal.

# Files

# Not a target:
srcs/parser/redirections_handler.c:
#  Implicit rule search has been done.
#  Last modified 2022-08-12 16:24:07
#  File has been updated.
#  Successfully updated.
# variable set hash-table stats:
# Load=0/32=0%, Rehash=0, Collisions=0/0=0%

# Not a target:
srcs/builtin/ft_echo.c:
#  Implicit rule search has been done.
#  Last modified 2022-08-12 16:24:07
#  File has been updated.
#  Successfully updated.
# variable set hash-table stats:
# Load=0/32=0%, Rehash=0, Collisions=0/0=0%

# Not a target:
srcs/exec/redir.c:
#  Implicit rule search has been done.
#  Last modified 2022-08-12 16:24:07
#  File has been updated.
#  Successfully updated.
# variable set hash-table stats:
# Load=0/32=0%, Rehash=0, Collisions=0/0=0%

# Not a target:
srcs/parser/splitter.c:
#  Implicit rule search has been done.
#  Last modified 2022-08-12 16:24:07
#  File has been updated.
#  Successfully updated.
# variable set hash-table stats:
# Load=0/32=0%, Rehash=0, Collisions=0/0=0%

objs/exec/pipes.o: srcs/exec/pipes.c
#  Implicit rule search has been done.
#  Implicit/static pattern stem: `exec/pipes'
#  Last modified 2022-08-12 17:03:14
#  File has been updated.
#  Successfully updated.
# variable set hash-table stats:
# Load=0/32=0%, Rehash=0, Collisions=0/0=0%
#  commands to execute (from `Makefile', line 72):
	@[ ! -d ${OBJDIR} ] && mkdir -p  ${OBJDIR} || true
	@[ ! -d ${OBJDIR}/exec/ ] && mkdir -p  ${OBJDIR}/exec/ || true
	@[ ! -d ${OBJDIR}/parser/ ] && mkdir -p  ${OBJDIR}/parser/ || true
	@[ ! -d ${OBJDIR}/builtin/ ] && mkdir -p  ${OBJDIR}/builtin/ || true
	@[ ! -d ${OBJDIR}/utils/ ] && mkdir -p  ${OBJDIR}/utils/ || true
	@[ ! -d ${OBJDIR}/lexer/ ] && mkdir -p  ${OBJDIR}/lexer/ || true
	@[ ! -d ${OBJDIR}/expander/ ] && mkdir -p  ${OBJDIR}/expander/ || true
	@$(CC) $(CFLAGS) -c ${INC} $< -o $@
	

# Not a target:
srcs/builtin/builtin_utils.c:
#  Implicit rule search has been done.
#  Last modified 2022-08-12 16:24:07
#  File has been updated.
#  Successfully updated.
# variable set hash-table stats:
# Load=0/32=0%, Rehash=0, Collisions=0/0=0%

# Not a target:
srcs/parser/trimmer.c:
#  Implicit rule search has been done.
#  Last modified 2022-08-12 16:24:07
#  File has been updated.
#  Successfully updated.
# variable set hash-table stats:
# Load=0/32=0%, Rehash=0, Collisions=0/0=0%

# Not a target:
srcs/builtin/ft_export.c:
#  Implicit rule search has been done.
#  Last modified 2022-08-12 16:24:07
#  File has been updated.
#  Successfully updated.
# variable set hash-table stats:
# Load=0/32=0%, Rehash=0, Collisions=0/0=0%

all: minishell
#  Phony target (prerequisite of .PHONY).
#  Command-line target.
#  Implicit rule search has not been done.
#  File does not exist.
#  File has been updated.
#  Successfully updated.
# variable set hash-table stats:
# Load=0/32=0%, Rehash=0, Collisions=0/0=0%

# Not a target:
srcs/exec/ft_exec.c:
#  Implicit rule search has been done.
#  Last modified 2022-08-12 16:24:07
#  File has been updated.
#  Successfully updated.
# variable set hash-table stats:
# Load=0/32=0%, Rehash=0, Collisions=0/0=0%

objs/exec/get_path.o: srcs/exec/get_path.c
#  Implicit rule search has been done.
#  Implicit/static pattern stem: `exec/get_path'
#  Last modified 2022-08-12 17:03:15
#  File has been updated.
#  Successfully updated.
# variable set hash-table stats:
# Load=0/32=0%, Rehash=0, Collisions=0/0=0%
#  commands to execute (from `Makefile', line 72):
	@[ ! -d ${OBJDIR} ] && mkdir -p  ${OBJDIR} || true
	@[ ! -d ${OBJDIR}/exec/ ] && mkdir -p  ${OBJDIR}/exec/ || true
	@[ ! -d ${OBJDIR}/parser/ ] && mkdir -p  ${OBJDIR}/parser/ || true
	@[ ! -d ${OBJDIR}/builtin/ ] && mkdir -p  ${OBJDIR}/builtin/ || true
	@[ ! -d ${OBJDIR}/utils/ ] && mkdir -p  ${OBJDIR}/utils/ || true
	@[ ! -d ${OBJDIR}/lexer/ ] && mkdir -p  ${OBJDIR}/lexer/ || true
	@[ ! -d ${OBJDIR}/expander/ ] && mkdir -p  ${OBJDIR}/expander/ || true
	@$(CC) $(CFLAGS) -c ${INC} $< -o $@
	

.PHONY: all clean sanitize fclean re bonus
#  Implicit rule search has not been done.
#  Modification time never checked.
#  File has not been updated.

# Not a target:
srcs/lexer/analyze_tokens.c:
#  Implicit rule search has been done.
#  Last modified 2022-08-12 16:24:07
#  File has been updated.
#  Successfully updated.
# variable set hash-table stats:
# Load=0/32=0%, Rehash=0, Collisions=0/0=0%

# Not a target:
srcs/lexer/tokens_utils.c:
#  Implicit rule search has been done.
#  Last modified 2022-08-12 16:24:07
#  File has been updated.
#  Successfully updated.
# variable set hash-table stats:
# Load=0/32=0%, Rehash=0, Collisions=0/0=0%

# Not a target:
srcs/expander/expander.c:
#  Implicit rule search has been done.
#  Last modified 2022-08-12 16:24:07
#  File has been updated.
#  Successfully updated.
# variable set hash-table stats:
# Load=0/32=0%, Rehash=0, Collisions=0/0=0%

objs/lexer/check_quotes.o: srcs/lexer/check_quotes.c
#  Implicit rule search has been done.
#  Implicit/static pattern stem: `lexer/check_quotes'
#  Last modified 2022-08-12 17:03:13
#  File has been updated.
#  Successfully updated.
# variable set hash-table stats:
# Load=0/32=0%, Rehash=0, Collisions=0/0=0%
#  commands to execute (from `Makefile', line 72):
	@[ ! -d ${OBJDIR} ] && mkdir -p  ${OBJDIR} || true
	@[ ! -d ${OBJDIR}/exec/ ] && mkdir -p  ${OBJDIR}/exec/ || true
	@[ ! -d ${OBJDIR}/parser/ ] && mkdir -p  ${OBJDIR}/parser/ || true
	@[ ! -d ${OBJDIR}/builtin/ ] && mkdir -p  ${OBJDIR}/builtin/ || true
	@[ ! -d ${OBJDIR}/utils/ ] && mkdir -p  ${OBJDIR}/utils/ || true
	@[ ! -d ${OBJDIR}/lexer/ ] && mkdir -p  ${OBJDIR}/lexer/ || true
	@[ ! -d ${OBJDIR}/expander/ ] && mkdir -p  ${OBJDIR}/expander/ || true
	@$(CC) $(CFLAGS) -c ${INC} $< -o $@
	

objs/utils/print_messages.o: srcs/utils/print_messages.c
#  Implicit rule search has been done.
#  Implicit/static pattern stem: `utils/print_messages'
#  Last modified 2022-08-12 17:03:16
#  File has been updated.
#  Successfully updated.
# variable set hash-table stats:
# Load=0/32=0%, Rehash=0, Collisions=0/0=0%
#  commands to execute (from `Makefile', line 72):
	@[ ! -d ${OBJDIR} ] && mkdir -p  ${OBJDIR} || true
	@[ ! -d ${OBJDIR}/exec/ ] && mkdir -p  ${OBJDIR}/exec/ || true
	@[ ! -d ${OBJDIR}/parser/ ] && mkdir -p  ${OBJDIR}/parser/ || true
	@[ ! -d ${OBJDIR}/builtin/ ] && mkdir -p  ${OBJDIR}/builtin/ || true
	@[ ! -d ${OBJDIR}/utils/ ] && mkdir -p  ${OBJDIR}/utils/ || true
	@[ ! -d ${OBJDIR}/lexer/ ] && mkdir -p  ${OBJDIR}/lexer/ || true
	@[ ! -d ${OBJDIR}/expander/ ] && mkdir -p  ${OBJDIR}/expander/ || true
	@$(CC) $(CFLAGS) -c ${INC} $< -o $@
	

 
objs/builtin/ft_env.o: srcs/builtin/ft_env.c
#  Implicit rule search has been done.
#  Implicit/static pattern stem: `builtin/ft_env'
#  Last modified 2022-08-12 17:03:15
#  File has been updated.
#  Successfully updated.
# variable set hash-table stats:
# Load=0/32=0%, Rehash=0, Collisions=0/0=0%
#  commands to execute (from `Makefile', line 72):
	@[ ! -d ${OBJDIR} ] && mkdir -p  ${OBJDIR} || true
	@[ ! -d ${OBJDIR}/exec/ ] && mkdir -p  ${OBJDIR}/exec/ || true
	@[ ! -d ${OBJDIR}/parser/ ] && mkdir -p  ${OBJDIR}/parser/ || true
	@[ ! -d ${OBJDIR}/builtin/ ] && mkdir -p  ${OBJDIR}/builtin/ || true
	@[ ! -d ${OBJDIR}/utils/ ] && mkdir -p  ${OBJDIR}/utils/ || true
	@[ ! -d ${OBJDIR}/lexer/ ] && mkdir -p  ${OBJDIR}/lexer/ || true
	@[ ! -d ${OBJDIR}/expander/ ] && mkdir -p  ${OBJDIR}/expander/ || true
	@$(CC) $(CFLAGS) -c ${INC} $< -o $@
	

# Not a target:
srcs/lexer/check_tokens.c:
#  Implicit rule search has been done.
#  Last modified 2022-08-12 16:24:07
#  File has been updated.
#  Successfully updated.
# variable set hash-table stats:
# Load=0/32=0%, Rehash=0, Collisions=0/0=0%

objs/builtin/ft_exit.o: srcs/builtin/ft_exit.c
#  Implicit rule search has been done.
#  Implicit/static pattern stem: `builtin/ft_exit'
#  Last modified 2022-08-12 17:03:16
#  File has been updated.
#  Successfully updated.
# variable set hash-table stats:
# Load=0/32=0%, Rehash=0, Collisions=0/0=0%
#  commands to execute (from `Makefile', line 72):
	@[ ! -d ${OBJDIR} ] && mkdir -p  ${OBJDIR} || true
	@[ ! -d ${OBJDIR}/exec/ ] && mkdir -p  ${OBJDIR}/exec/ || true
	@[ ! -d ${OBJDIR}/parser/ ] && mkdir -p  ${OBJDIR}/parser/ || true
	@[ ! -d ${OBJDIR}/builtin/ ] && mkdir -p  ${OBJDIR}/builtin/ || true
	@[ ! -d ${OBJDIR}/utils/ ] && mkdir -p  ${OBJDIR}/utils/ || true
	@[ ! -d ${OBJDIR}/lexer/ ] && mkdir -p  ${OBJDIR}/lexer/ || true
	@[ ! -d ${OBJDIR}/expander/ ] && mkdir -p  ${OBJDIR}/expander/ || true
	@$(CC) $(CFLAGS) -c ${INC} $< -o $@
	

objs/lexer/parse_input.o: srcs/lexer/parse_input.c
#  Implicit rule search has been done.
#  Implicit/static pattern stem: `lexer/parse_input'
#  Last modified 2022-08-12 17:03:11
#  File has been updated.
#  Successfully updated.
# variable set hash-table stats:
# Load=0/32=0%, Rehash=0, Collisions=0/0=0%
#  commands to execute (from `Makefile', line 72):
	@[ ! -d ${OBJDIR} ] && mkdir -p  ${OBJDIR} || true
	@[ ! -d ${OBJDIR}/exec/ ] && mkdir -p  ${OBJDIR}/exec/ || true
	@[ ! -d ${OBJDIR}/parser/ ] && mkdir -p  ${OBJDIR}/parser/ || true
	@[ ! -d ${OBJDIR}/builtin/ ] && mkdir -p  ${OBJDIR}/builtin/ || true
	@[ ! -d ${OBJDIR}/utils/ ] && mkdir -p  ${OBJDIR}/utils/ || true
	@[ ! -d ${OBJDIR}/lexer/ ] && mkdir -p  ${OBJDIR}/lexer/ || true
	@[ ! -d ${OBJDIR}/expander/ ] && mkdir -p  ${OBJDIR}/expander/ || true
	@$(CC) $(CFLAGS) -c ${INC} $< -o $@
	

objs/exec/handle_fd.o: srcs/exec/handle_fd.c
#  Implicit rule search has been done.
#  Implicit/static pattern stem: `exec/handle_fd'
#  Last modified 2022-08-12 17:03:14
#  File has been updated.
#  Successfully updated.
# variable set hash-table stats:
# Load=0/32=0%, Rehash=0, Collisions=0/0=0%
#  commands to execute (from `Makefile', line 72):
	@[ ! -d ${OBJDIR} ] && mkdir -p  ${OBJDIR} || true
	@[ ! -d ${OBJDIR}/exec/ ] && mkdir -p  ${OBJDIR}/exec/ || true
	@[ ! -d ${OBJDIR}/parser/ ] && mkdir -p  ${OBJDIR}/parser/ || true
	@[ ! -d ${OBJDIR}/builtin/ ] && mkdir -p  ${OBJDIR}/builtin/ || true
	@[ ! -d ${OBJDIR}/utils/ ] && mkdir -p  ${OBJDIR}/utils/ || true
	@[ ! -d ${OBJDIR}/lexer/ ] && mkdir -p  ${OBJDIR}/lexer/ || true
	@[ ! -d ${OBJDIR}/expander/ ] && mkdir -p  ${OBJDIR}/expander/ || true
	@$(CC) $(CFLAGS) -c ${INC} $< -o $@
	

# Not a target:
srcs/exec/signals.c:
#  Implicit rule search has been done.
#  Last modified 2022-08-12 16:32:24
#  File has been updated.
#  Successfully updated.
# variable set hash-table stats:
# Load=0/32=0%, Rehash=0, Collisions=0/0=0%

objs/utils/magic_malloc.o: srcs/utils/magic_malloc.c
#  Implicit rule search has been done.
#  Implicit/static pattern stem: `utils/magic_malloc'
#  Last modified 2022-08-12 17:03:16
#  File has been updated.
#  Successfully updated.
# variable set hash-table stats:
# Load=0/32=0%, Rehash=0, Collisions=0/0=0%
#  commands to execute (from `Makefile', line 72):
	@[ ! -d ${OBJDIR} ] && mkdir -p  ${OBJDIR} || true
	@[ ! -d ${OBJDIR}/exec/ ] && mkdir -p  ${OBJDIR}/exec/ || true
	@[ ! -d ${OBJDIR}/parser/ ] && mkdir -p  ${OBJDIR}/parser/ || true
	@[ ! -d ${OBJDIR}/builtin/ ] && mkdir -p  ${OBJDIR}/builtin/ || true
	@[ ! -d ${OBJDIR}/utils/ ] && mkdir -p  ${OBJDIR}/utils/ || true
	@[ ! -d ${OBJDIR}/lexer/ ] && mkdir -p  ${OBJDIR}/lexer/ || true
	@[ ! -d ${OBJDIR}/expander/ ] && mkdir -p  ${OBJDIR}/expander/ || true
	@$(CC) $(CFLAGS) -c ${INC} $< -o $@
	

# Not a target:
.SUFFIXES:
#  Implicit rule search has not been done.
#  Modification time never checked.
#  File has not been updated.

# Not a target:
srcs/exec/pipes.c:
#  Implicit rule search has been done.
#  Last modified 2022-08-12 16:24:07
#  File has been updated.
#  Successfully updated.
# variable set hash-table stats:
# Load=0/32=0%, Rehash=0, Collisions=0/0=0%

# Not a target:
Makefile:
#  Implicit rule search has been done.
#  Last modified 2022-08-12 17:03:07
#  File has been updated.
#  Successfully updated.
# variable set hash-table stats:
# Load=0/32=0%, Rehash=0, Collisions=0/0=0%

objs/exec/testmain.o: srcs/exec/testmain.c
#  Implicit rule search has been done.
#  Implicit/static pattern stem: `exec/testmain'
#  Last modified 2022-08-12 17:03:14
#  File has been updated.
#  Successfully updated.
# variable set hash-table stats:
# Load=0/32=0%, Rehash=0, Collisions=0/0=0%
#  commands to execute (from `Makefile', line 72):
	@[ ! -d ${OBJDIR} ] && mkdir -p  ${OBJDIR} || true
	@[ ! -d ${OBJDIR}/exec/ ] && mkdir -p  ${OBJDIR}/exec/ || true
	@[ ! -d ${OBJDIR}/parser/ ] && mkdir -p  ${OBJDIR}/parser/ || true
	@[ ! -d ${OBJDIR}/builtin/ ] && mkdir -p  ${OBJDIR}/builtin/ || true
	@[ ! -d ${OBJDIR}/utils/ ] && mkdir -p  ${OBJDIR}/utils/ || true
	@[ ! -d ${OBJDIR}/lexer/ ] && mkdir -p  ${OBJDIR}/lexer/ || true
	@[ ! -d ${OBJDIR}/expander/ ] && mkdir -p  ${OBJDIR}/expander/ || true
	@$(CC) $(CFLAGS) -c ${INC} $< -o $@
	

objs/builtin/ft_pwd.o: srcs/builtin/ft_pwd.c
#  Implicit rule search has been done.
#  Implicit/static pattern stem: `builtin/ft_pwd'
#  Last modified 2022-08-12 17:03:16
#  File has been updated.
#  Successfully updated.
# variable set hash-table stats:
# Load=0/32=0%, Rehash=0, Collisions=0/0=0%
#  commands to execute (from `Makefile', line 72):
	@[ ! -d ${OBJDIR} ] && mkdir -p  ${OBJDIR} || true
 
	@[ ! -d ${OBJDIR}/exec/ ] && mkdir -p  ${OBJDIR}/exec/ || true
	@[ ! -d ${OBJDIR}/parser/ ] && mkdir -p  ${OBJDIR}/parser/ || true
	@[ ! -d ${OBJDIR}/builtin/ ] && mkdir -p  ${OBJDIR}/builtin/ || true
	@[ ! -d ${OBJDIR}/utils/ ] && mkdir -p  ${OBJDIR}/utils/ || true
	@[ ! -d ${OBJDIR}/lexer/ ] && mkdir -p  ${OBJDIR}/lexer/ || true
	@[ ! -d ${OBJDIR}/expander/ ] && mkdir -p  ${OBJDIR}/expander/ || true
	@$(CC) $(CFLAGS) -c ${INC} $< -o $@
	

# Not a target:
srcs/exec/child.c:
#  Implicit rule search has been done.
#  Last modified 2022-08-12 16:24:07
#  File has been updated.
#  Successfully updated.
# variable set hash-table stats:
# Load=0/32=0%, Rehash=0, Collisions=0/0=0%

objs/utils/magic_malloc_free.o: srcs/utils/magic_malloc_free.c
#  Implicit rule search has been done.
#  Implicit/static pattern stem: `utils/magic_malloc_free'
#  Last modified 2022-08-12 17:03:16
#  File has been updated.
#  Successfully updated.
# variable set hash-table stats:
# Load=0/32=0%, Rehash=0, Collisions=0/0=0%
#  commands to execute (from `Makefile', line 72):
	@[ ! -d ${OBJDIR} ] && mkdir -p  ${OBJDIR} || true
	@[ ! -d ${OBJDIR}/exec/ ] && mkdir -p  ${OBJDIR}/exec/ || true
	@[ ! -d ${OBJDIR}/parser/ ] && mkdir -p  ${OBJDIR}/parser/ || true
	@[ ! -d ${OBJDIR}/builtin/ ] && mkdir -p  ${OBJDIR}/builtin/ || true
	@[ ! -d ${OBJDIR}/utils/ ] && mkdir -p  ${OBJDIR}/utils/ || true
	@[ ! -d ${OBJDIR}/lexer/ ] && mkdir -p  ${OBJDIR}/lexer/ || true
	@[ ! -d ${OBJDIR}/expander/ ] && mkdir -p  ${OBJDIR}/expander/ || true
	@$(CC) $(CFLAGS) -c ${INC} $< -o $@
	

objs/parser/quotes_utils.o: srcs/parser/quotes_utils.c
#  Implicit rule search has been done.
#  Implicit/static pattern stem: `parser/quotes_utils'
#  Last modified 2022-08-12 17:03:13
#  File has been updated.
#  Successfully updated.
# variable set hash-table stats:
# Load=0/32=0%, Rehash=0, Collisions=0/0=0%
#  commands to execute (from `Makefile', line 72):
	@[ ! -d ${OBJDIR} ] && mkdir -p  ${OBJDIR} || true
	@[ ! -d ${OBJDIR}/exec/ ] && mkdir -p  ${OBJDIR}/exec/ || true
	@[ ! -d ${OBJDIR}/parser/ ] && mkdir -p  ${OBJDIR}/parser/ || true
	@[ ! -d ${OBJDIR}/builtin/ ] && mkdir -p  ${OBJDIR}/builtin/ || true
	@[ ! -d ${OBJDIR}/utils/ ] && mkdir -p  ${OBJDIR}/utils/ || true
	@[ ! -d ${OBJDIR}/lexer/ ] && mkdir -p  ${OBJDIR}/lexer/ || true
	@[ ! -d ${OBJDIR}/expander/ ] && mkdir -p  ${OBJDIR}/expander/ || true
	@$(CC) $(CFLAGS) -c ${INC} $< -o $@
	

# Not a target:
srcs/exec/get_path.c:
#  Implicit rule search has been done.
#  Last modified 2022-08-12 16:24:07
#  File has been updated.
#  Successfully updated.
# variable set hash-table stats:
# Load=0/32=0%, Rehash=0, Collisions=0/0=0%

objs/builtin/ft_unset.o: srcs/builtin/ft_unset.c
#  Implicit rule search has been done.
#  Implicit/static pattern stem: `builtin/ft_unset'
#  Last modified 2022-08-12 17:03:16
#  File has been updated.
#  Successfully updated.
# variable set hash-table stats:
# Load=0/32=0%, Rehash=0, Collisions=0/0=0%
#  commands to execute (from `Makefile', line 72):
	@[ ! -d ${OBJDIR} ] && mkdir -p  ${OBJDIR} || true
	@[ ! -d ${OBJDIR}/exec/ ] && mkdir -p  ${OBJDIR}/exec/ || true
	@[ ! -d ${OBJDIR}/parser/ ] && mkdir -p  ${OBJDIR}/parser/ || true
	@[ ! -d ${OBJDIR}/builtin/ ] && mkdir -p  ${OBJDIR}/builtin/ || true
	@[ ! -d ${OBJDIR}/utils/ ] && mkdir -p  ${OBJDIR}/utils/ || true
	@[ ! -d ${OBJDIR}/lexer/ ] && mkdir -p  ${OBJDIR}/lexer/ || true
	@[ ! -d ${OBJDIR}/expander/ ] && mkdir -p  ${OBJDIR}/expander/ || true
	@$(CC) $(CFLAGS) -c ${INC} $< -o $@
	

objs/lexer/convert_input_to_tokens.o: srcs/lexer/convert_input_to_tokens.c
#  Implicit rule search has been done.
#  Implicit/static pattern stem: `lexer/convert_input_to_tokens'
#  Last modified 2022-08-12 17:03:13
#  File has been updated.
#  Successfully updated.
# variable set hash-table stats:
# Load=0/32=0%, Rehash=0, Collisions=0/0=0%
#  commands to execute (from `Makefile', line 72):
	@[ ! -d ${OBJDIR} ] && mkdir -p  ${OBJDIR} || true
	@[ ! -d ${OBJDIR}/exec/ ] && mkdir -p  ${OBJDIR}/exec/ || true
	@[ ! -d ${OBJDIR}/parser/ ] && mkdir -p  ${OBJDIR}/parser/ || true
	@[ ! -d ${OBJDIR}/builtin/ ] && mkdir -p  ${OBJDIR}/builtin/ || true
	@[ ! -d ${OBJDIR}/utils/ ] && mkdir -p  ${OBJDIR}/utils/ || true
	@[ ! -d ${OBJDIR}/lexer/ ] && mkdir -p  ${OBJDIR}/lexer/ || true
	@[ ! -d ${OBJDIR}/expander/ ] && mkdir -p  ${OBJDIR}/expander/ || true
	@$(CC) $(CFLAGS) -c ${INC} $< -o $@
	

# Not a target:
srcs/lexer/check_quotes.c:
#  Implicit rule search has been done.
#  Last modified 2022-08-12 16:24:07
#  File has been updated.
#  Successfully updated.
# variable set hash-table stats:
# Load=0/32=0%, Rehash=0, Collisions=0/0=0%

objs/exec/redir.o: srcs/exec/redir.c
#  Implicit rule search has been done.
#  Implicit/static pattern stem: `exec/redir'
#  Last modified 2022-08-12 17:03:14
#  File has been updated.
#  Successfully updated.
# variable set hash-table stats:
# Load=0/32=0%, Rehash=0, Collisions=0/0=0%
#  commands to execute (from `Makefile', line 72):
	@[ ! -d ${OBJDIR} ] && mkdir -p  ${OBJDIR} || true
	@[ ! -d ${OBJDIR}/exec/ ] && mkdir -p  ${OBJDIR}/exec/ || true
	@[ ! -d ${OBJDIR}/parser/ ] && mkdir -p  ${OBJDIR}/parser/ || true
	@[ ! -d ${OBJDIR}/builtin/ ] && mkdir -p  ${OBJDIR}/builtin/ || true
	@[ ! -d ${OBJDIR}/utils/ ] && mkdir -p  ${OBJDIR}/utils/ || true
	@[ ! -d ${OBJDIR}/lexer/ ] && mkdir -p  ${OBJDIR}/lexer/ || true
	@[ ! -d ${OBJDIR}/expander/ ] && mkdir -p  ${OBJDIR}/expander/ || true
	@$(CC) $(CFLAGS) -c ${INC} $< -o $@
	

# Not a target:
srcs/utils/print_messages.c:
#  Implicit rule search has been done.
#  Last modified 2022-08-12 16:24:07
#  File has been updated.
#  Successfully updated.
# variable set hash-table stats:
# Load=0/32=0%, Rehash=0, Collisions=0/0=0%

# Not a target:
srcs/builtin/ft_env.c:
#  Implicit rule search has been done.
 
#  Last modified 2022-08-12 16:24:07
#  File has been updated.
#  Successfully updated.
# variable set hash-table stats:
# Load=0/32=0%, Rehash=0, Collisions=0/0=0%

# Not a target:
srcs/builtin/ft_exit.c:
#  Implicit rule search has been done.
#  Last modified 2022-08-12 16:24:07
#  File has been updated.
#  Successfully updated.
# variable set hash-table stats:
# Load=0/32=0%, Rehash=0, Collisions=0/0=0%

# Not a target:
srcs/lexer/parse_input.c:
#  Implicit rule search has been done.
#  Last modified 2022-08-12 16:51:15
#  File has been updated.
#  Successfully updated.
# variable set hash-table stats:
# Load=0/32=0%, Rehash=0, Collisions=0/0=0%

# Not a target:
srcs/exec/handle_fd.c:
#  Implicit rule search has been done.
#  Last modified 2022-08-12 16:24:07
#  File has been updated.
#  Successfully updated.
# variable set hash-table stats:
# Load=0/32=0%, Rehash=0, Collisions=0/0=0%

objs/parser/commands_handler.o: srcs/parser/commands_handler.c
#  Implicit rule search has been done.
#  Implicit/static pattern stem: `parser/commands_handler'
#  Last modified 2022-08-12 17:03:12
#  File has been updated.
#  Successfully updated.
# variable set hash-table stats:
# Load=0/32=0%, Rehash=0, Collisions=0/0=0%
#  commands to execute (from `Makefile', line 72):
	@[ ! -d ${OBJDIR} ] && mkdir -p  ${OBJDIR} || true
	@[ ! -d ${OBJDIR}/exec/ ] && mkdir -p  ${OBJDIR}/exec/ || true
	@[ ! -d ${OBJDIR}/parser/ ] && mkdir -p  ${OBJDIR}/parser/ || true
	@[ ! -d ${OBJDIR}/builtin/ ] && mkdir -p  ${OBJDIR}/builtin/ || true
	@[ ! -d ${OBJDIR}/utils/ ] && mkdir -p  ${OBJDIR}/utils/ || true
	@[ ! -d ${OBJDIR}/lexer/ ] && mkdir -p  ${OBJDIR}/lexer/ || true
	@[ ! -d ${OBJDIR}/expander/ ] && mkdir -p  ${OBJDIR}/expander/ || true
	@$(CC) $(CFLAGS) -c ${INC} $< -o $@
	

minishell: libft/libft.a objs/lexer/parse_input.o objs/lexer/tokens_handler.o objs/parser/trimmer.o objs/parser/convert_tokens_to_commands.o objs/parser/commands_handler.o objs/parser/commands_utils.o objs/lexer/check_tokens.o objs/parser/free_parser.o objs/parser/splitter.o objs/lexer/check_quotes.o objs/parser/redirections_handler.o objs/lexer/analyze_tokens.o objs/lexer/tokens_utils.o objs/parser/quotes_utils.o objs/expander/expander.o objs/expander/expander_utils.o objs/lexer/convert_input_to_tokens.o objs/exec/env_utils.o objs/exec/testmain.o objs/exec/ft_exec.o objs/exec/ft_heredoc.o objs/exec/gnl.o objs/exec/ft_fork.o objs/exec/redir.o objs/exec/pipes.o objs/exec/handle_fd.o objs/exec/exec_utils.o objs/exec/get_path.o objs/exec/child.o objs/exec/signals.o objs/utils/say_hello.o objs/builtin/builtin_utils.o objs/builtin/ft_cd.o objs/builtin/ft_echo.o objs/builtin/ft_env.o objs/builtin/ft_export.o objs/builtin/ft_pwd.o objs/builtin/ft_unset.o objs/builtin/ft_exit.o objs/utils/print_messages.o objs/utils/magic_malloc.o objs/utils/magic_malloc_free.o
#  Implicit rule search has not been done.
#  Last modified 2022-08-12 17:03:16
#  File has been updated.
#  Successfully updated.
# variable set hash-table stats:
# Load=0/32=0%, Rehash=0, Collisions=0/0=0%
#  commands to execute (from `Makefile', line 67):
	@echo "Created object files."
	@${CC} ${CFLAGS} ${OBJS} -o ${NAME} ${LIBFLAGS}
	@echo "Minishell is ready!"
	

objs/exec/child.o: srcs/exec/child.c
#  Implicit rule search has been done.
#  Implicit/static pattern stem: `exec/child'
#  Last modified 2022-08-12 17:03:15
#  File has been updated.
#  Successfully updated.
# variable set hash-table stats:
# Load=0/32=0%, Rehash=0, Collisions=0/0=0%
#  commands to execute (from `Makefile', line 72):
	@[ ! -d ${OBJDIR} ] && mkdir -p  ${OBJDIR} || true
	@[ ! -d ${OBJDIR}/exec/ ] && mkdir -p  ${OBJDIR}/exec/ || true
	@[ ! -d ${OBJDIR}/parser/ ] && mkdir -p  ${OBJDIR}/parser/ || true
	@[ ! -d ${OBJDIR}/builtin/ ] && mkdir -p  ${OBJDIR}/builtin/ || true
	@[ ! -d ${OBJDIR}/utils/ ] && mkdir -p  ${OBJDIR}/utils/ || true
	@[ ! -d ${OBJDIR}/lexer/ ] && mkdir -p  ${OBJDIR}/lexer/ || true
	@[ ! -d ${OBJDIR}/expander/ ] && mkdir -p  ${OBJDIR}/expander/ || true
	@$(CC) $(CFLAGS) -c ${INC} $< -o $@
	

libft/libft.a:
#  Implicit rule search has not been done.
#  Last modified 2022-08-12 17:03:11
#  File has been updated.
#  Successfully updated.
#  commands to execute (from `Makefile', line 82):
	@echo " [..] | Compiling libft..."
	@make -s -C libft
	@echo " [OK] | Done."
	

# Not a target:
srcs/utils/magic_malloc.c:
#  Implicit rule search has been done.
#  Last modified 2022-08-12 16:24:07
#  File has been updated.
#  Successfully updated.
# variable set hash-table stats:
# Load=0/32=0%, Rehash=0, Collisions=0/0=0%

bonus:
#  Phony target (prerequisite of .PHONY).
#  Implicit rule search has not been done.
#  File does not exist.
#  File has not been updated.

fclean: clean
#  Phony target (prerequisite of .PHONY).
#  Implicit rule search has not been done.
#  File does not exist.
#  File has not been updated.
#  commands to execute (from `Makefile', line 104):
	@${RM} ${NAME}
	@${RM} ${NAMEB}
	@make -s -C libft fclean
	@echo "Binary files removed."
	

# Not a target:
 
srcs/exec/testmain.c:
#  Implicit rule search has been done.
#  Last modified 2022-08-12 16:41:03
#  File has been updated.
#  Successfully updated.
# variable set hash-table stats:
# Load=0/32=0%, Rehash=0, Collisions=0/0=0%

# Not a target:
srcs/builtin/ft_pwd.c:
#  Implicit rule search has been done.
#  Last modified 2022-08-12 16:24:07
#  File has been updated.
#  Successfully updated.
# variable set hash-table stats:
# Load=0/32=0%, Rehash=0, Collisions=0/0=0%

objs/exec/gnl.o: srcs/exec/gnl.c
#  Implicit rule search has been done.
#  Implicit/static pattern stem: `exec/gnl'
#  Last modified 2022-08-12 17:03:14
#  File has been updated.
#  Successfully updated.
# variable set hash-table stats:
# Load=0/32=0%, Rehash=0, Collisions=0/0=0%
#  commands to execute (from `Makefile', line 72):
	@[ ! -d ${OBJDIR} ] && mkdir -p  ${OBJDIR} || true
	@[ ! -d ${OBJDIR}/exec/ ] && mkdir -p  ${OBJDIR}/exec/ || true
	@[ ! -d ${OBJDIR}/parser/ ] && mkdir -p  ${OBJDIR}/parser/ || true
	@[ ! -d ${OBJDIR}/builtin/ ] && mkdir -p  ${OBJDIR}/builtin/ || true
	@[ ! -d ${OBJDIR}/utils/ ] && mkdir -p  ${OBJDIR}/utils/ || true
	@[ ! -d ${OBJDIR}/lexer/ ] && mkdir -p  ${OBJDIR}/lexer/ || true
	@[ ! -d ${OBJDIR}/expander/ ] && mkdir -p  ${OBJDIR}/expander/ || true
	@$(CC) $(CFLAGS) -c ${INC} $< -o $@
	

# Not a target:
srcs/parser/quotes_utils.c:
#  Implicit rule search has been done.
#  Last modified 2022-08-12 16:24:07
#  File has been updated.
#  Successfully updated.
# variable set hash-table stats:
# Load=0/32=0%, Rehash=0, Collisions=0/0=0%

objs/parser/free_parser.o: srcs/parser/free_parser.c
#  Implicit rule search has been done.
#  Implicit/static pattern stem: `parser/free_parser'
#  Last modified 2022-08-12 17:03:12
#  File has been updated.
#  Successfully updated.
# variable set hash-table stats:
# Load=0/32=0%, Rehash=0, Collisions=0/0=0%
#  commands to execute (from `Makefile', line 72):
	@[ ! -d ${OBJDIR} ] && mkdir -p  ${OBJDIR} || true
	@[ ! -d ${OBJDIR}/exec/ ] && mkdir -p  ${OBJDIR}/exec/ || true
	@[ ! -d ${OBJDIR}/parser/ ] && mkdir -p  ${OBJDIR}/parser/ || true
	@[ ! -d ${OBJDIR}/builtin/ ] && mkdir -p  ${OBJDIR}/builtin/ || true
	@[ ! -d ${OBJDIR}/utils/ ] && mkdir -p  ${OBJDIR}/utils/ || true
	@[ ! -d ${OBJDIR}/lexer/ ] && mkdir -p  ${OBJDIR}/lexer/ || true
	@[ ! -d ${OBJDIR}/expander/ ] && mkdir -p  ${OBJDIR}/expander/ || true
	@$(CC) $(CFLAGS) -c ${INC} $< -o $@
	

objs/lexer/tokens_handler.o: srcs/lexer/tokens_handler.c
#  Implicit rule search has been done.
#  Implicit/static pattern stem: `lexer/tokens_handler'
#  Last modified 2022-08-12 17:03:12
#  File has been updated.
#  Successfully updated.
# variable set hash-table stats:
# Load=0/32=0%, Rehash=0, Collisions=0/0=0%
#  commands to execute (from `Makefile', line 72):
	@[ ! -d ${OBJDIR} ] && mkdir -p  ${OBJDIR} || true
	@[ ! -d ${OBJDIR}/exec/ ] && mkdir -p  ${OBJDIR}/exec/ || true
	@[ ! -d ${OBJDIR}/parser/ ] && mkdir -p  ${OBJDIR}/parser/ || true
	@[ ! -d ${OBJDIR}/builtin/ ] && mkdir -p  ${OBJDIR}/builtin/ || true
	@[ ! -d ${OBJDIR}/utils/ ] && mkdir -p  ${OBJDIR}/utils/ || true
	@[ ! -d ${OBJDIR}/lexer/ ] && mkdir -p  ${OBJDIR}/lexer/ || true
	@[ ! -d ${OBJDIR}/expander/ ] && mkdir -p  ${OBJDIR}/expander/ || true
	@$(CC) $(CFLAGS) -c ${INC} $< -o $@
	

objs/exec/exec_utils.o: srcs/exec/exec_utils.c
#  Implicit rule search has been done.
#  Implicit/static pattern stem: `exec/exec_utils'
#  Last modified 2022-08-12 17:03:14
#  File has been updated.
#  Successfully updated.
# variable set hash-table stats:
# Load=0/32=0%, Rehash=0, Collisions=0/0=0%
#  commands to execute (from `Makefile', line 72):
	@[ ! -d ${OBJDIR} ] && mkdir -p  ${OBJDIR} || true
	@[ ! -d ${OBJDIR}/exec/ ] && mkdir -p  ${OBJDIR}/exec/ || true
	@[ ! -d ${OBJDIR}/parser/ ] && mkdir -p  ${OBJDIR}/parser/ || true
	@[ ! -d ${OBJDIR}/builtin/ ] && mkdir -p  ${OBJDIR}/builtin/ || true
	@[ ! -d ${OBJDIR}/utils/ ] && mkdir -p  ${OBJDIR}/utils/ || true
	@[ ! -d ${OBJDIR}/lexer/ ] && mkdir -p  ${OBJDIR}/lexer/ || true
	@[ ! -d ${OBJDIR}/expander/ ] && mkdir -p  ${OBJDIR}/expander/ || true
	@$(CC) $(CFLAGS) -c ${INC} $< -o $@
	

# Not a target:
srcs/utils/magic_malloc_free.c:
#  Implicit rule search has been done.
#  Last modified 2022-08-12 16:24:07
#  File has been updated.
#  Successfully updated.
# variable set hash-table stats:
# Load=0/32=0%, Rehash=0, Collisions=0/0=0%

objs/exec/ft_fork.o: srcs/exec/ft_fork.c
#  Implicit rule search has been done.
#  Implicit/static pattern stem: `exec/ft_fork'
#  Last modified 2022-08-12 17:03:14
#  File has been updated.
#  Successfully updated.
# variable set hash-table stats:
# Load=0/32=0%, Rehash=0, Collisions=0/0=0%
#  commands to execute (from `Makefile', line 72):
	@[ ! -d ${OBJDIR} ] && mkdir -p  ${OBJDIR} || true
 
	@[ ! -d ${OBJDIR}/exec/ ] && mkdir -p  ${OBJDIR}/exec/ || true
	@[ ! -d ${OBJDIR}/parser/ ] && mkdir -p  ${OBJDIR}/parser/ || true
	@[ ! -d ${OBJDIR}/builtin/ ] && mkdir -p  ${OBJDIR}/builtin/ || true
	@[ ! -d ${OBJDIR}/utils/ ] && mkdir -p  ${OBJDIR}/utils/ || true
	@[ ! -d ${OBJDIR}/lexer/ ] && mkdir -p  ${OBJDIR}/lexer/ || true
	@[ ! -d ${OBJDIR}/expander/ ] && mkdir -p  ${OBJDIR}/expander/ || true
	@$(CC) $(CFLAGS) -c ${INC} $< -o $@
	

# Not a target:
srcs/builtin/ft_unset.c:
#  Implicit rule search has been done.
#  Last modified 2022-08-12 16:24:07
#  File has been updated.
#  Successfully updated.
# variable set hash-table stats:
# Load=0/32=0%, Rehash=0, Collisions=0/0=0%

# Not a target:
srcs/lexer/convert_input_to_tokens.c:
#  Implicit rule search has been done.
#  Last modified 2022-08-12 16:24:07
#  File has been updated.
#  Successfully updated.
# variable set hash-table stats:
# Load=0/32=0%, Rehash=0, Collisions=0/0=0%

objs/exec/ft_heredoc.o: srcs/exec/ft_heredoc.c
#  Implicit rule search has been done.
#  Implicit/static pattern stem: `exec/ft_heredoc'
#  Last modified 2022-08-12 17:03:14
#  File has been updated.
#  Successfully updated.
# variable set hash-table stats:
# Load=0/32=0%, Rehash=0, Collisions=0/0=0%
#  commands to execute (from `Makefile', line 72):
	@[ ! -d ${OBJDIR} ] && mkdir -p  ${OBJDIR} || true
	@[ ! -d ${OBJDIR}/exec/ ] && mkdir -p  ${OBJDIR}/exec/ || true
	@[ ! -d ${OBJDIR}/parser/ ] && mkdir -p  ${OBJDIR}/parser/ || true
	@[ ! -d ${OBJDIR}/builtin/ ] && mkdir -p  ${OBJDIR}/builtin/ || true
	@[ ! -d ${OBJDIR}/utils/ ] && mkdir -p  ${OBJDIR}/utils/ || true
	@[ ! -d ${OBJDIR}/lexer/ ] && mkdir -p  ${OBJDIR}/lexer/ || true
	@[ ! -d ${OBJDIR}/expander/ ] && mkdir -p  ${OBJDIR}/expander/ || true
	@$(CC) $(CFLAGS) -c ${INC} $< -o $@
	

# Not a target:
.DEFAULT:
#  Implicit rule search has not been done.
#  Modification time never checked.
#  File has not been updated.

objs/expander/expander_utils.o: srcs/expander/expander_utils.c
#  Implicit rule search has been done.
#  Implicit/static pattern stem: `expander/expander_utils'
#  Last modified 2022-08-12 17:03:13
#  File has been updated.
#  Successfully updated.
# variable set hash-table stats:
# Load=0/32=0%, Rehash=0, Collisions=0/0=0%
#  commands to execute (from `Makefile', line 72):
	@[ ! -d ${OBJDIR} ] && mkdir -p  ${OBJDIR} || true
	@[ ! -d ${OBJDIR}/exec/ ] && mkdir -p  ${OBJDIR}/exec/ || true
	@[ ! -d ${OBJDIR}/parser/ ] && mkdir -p  ${OBJDIR}/parser/ || true
	@[ ! -d ${OBJDIR}/builtin/ ] && mkdir -p  ${OBJDIR}/builtin/ || true
	@[ ! -d ${OBJDIR}/utils/ ] && mkdir -p  ${OBJDIR}/utils/ || true
	@[ ! -d ${OBJDIR}/lexer/ ] && mkdir -p  ${OBJDIR}/lexer/ || true
	@[ ! -d ${OBJDIR}/expander/ ] && mkdir -p  ${OBJDIR}/expander/ || true
	@$(CC) $(CFLAGS) -c ${INC} $< -o $@
	

objs/utils/say_hello.o: srcs/utils/say_hello.c
#  Implicit rule search has been done.
#  Implicit/static pattern stem: `utils/say_hello'
#  Last modified 2022-08-12 17:03:15
#  File has been updated.
#  Successfully updated.
# variable set hash-table stats:
# Load=0/32=0%, Rehash=0, Collisions=0/0=0%
#  commands to execute (from `Makefile', line 72):
	@[ ! -d ${OBJDIR} ] && mkdir -p  ${OBJDIR} || true
	@[ ! -d ${OBJDIR}/exec/ ] && mkdir -p  ${OBJDIR}/exec/ || true
	@[ ! -d ${OBJDIR}/parser/ ] && mkdir -p  ${OBJDIR}/parser/ || true
	@[ ! -d ${OBJDIR}/builtin/ ] && mkdir -p  ${OBJDIR}/builtin/ || true
	@[ ! -d ${OBJDIR}/utils/ ] && mkdir -p  ${OBJDIR}/utils/ || true
	@[ ! -d ${OBJDIR}/lexer/ ] && mkdir -p  ${OBJDIR}/lexer/ || true
	@[ ! -d ${OBJDIR}/expander/ ] && mkdir -p  ${OBJDIR}/expander/ || true
	@$(CC) $(CFLAGS) -c ${INC} $< -o $@
	

objs/exec/env_utils.o: srcs/exec/env_utils.c
#  Implicit rule search has been done.
#  Implicit/static pattern stem: `exec/env_utils'
#  Last modified 2022-08-12 17:03:13
#  File has been updated.
#  Successfully updated.
# variable set hash-table stats:
# Load=0/32=0%, Rehash=0, Collisions=0/0=0%
#  commands to execute (from `Makefile', line 72):
	@[ ! -d ${OBJDIR} ] && mkdir -p  ${OBJDIR} || true
	@[ ! -d ${OBJDIR}/exec/ ] && mkdir -p  ${OBJDIR}/exec/ || true
	@[ ! -d ${OBJDIR}/parser/ ] && mkdir -p  ${OBJDIR}/parser/ || true
	@[ ! -d ${OBJDIR}/builtin/ ] && mkdir -p  ${OBJDIR}/builtin/ || true
	@[ ! -d ${OBJDIR}/utils/ ] && mkdir -p  ${OBJDIR}/utils/ || true
	@[ ! -d ${OBJDIR}/lexer/ ] && mkdir -p  ${OBJDIR}/lexer/ || true
	@[ ! -d ${OBJDIR}/expander/ ] && mkdir -p  ${OBJDIR}/expander/ || true
	@$(CC) $(CFLAGS) -c ${INC} $< -o $@
	

objs/parser/commands_utils.o: srcs/parser/commands_utils.c
#  Implicit rule search has been done.
#  Implicit/static pattern stem: `parser/commands_utils'
#  Last modified 2022-08-12 17:03:12
#  File has been updated.
#  Successfully updated.
# variable set hash-table stats:
# Load=0/32=0%, Rehash=0, Collisions=0/0=0%
#  commands to execute (from `Makefile', line 72):
 
	@[ ! -d ${OBJDIR} ] && mkdir -p  ${OBJDIR} || true
	@[ ! -d ${OBJDIR}/exec/ ] && mkdir -p  ${OBJDIR}/exec/ || true
	@[ ! -d ${OBJDIR}/parser/ ] && mkdir -p  ${OBJDIR}/parser/ || true
	@[ ! -d ${OBJDIR}/builtin/ ] && mkdir -p  ${OBJDIR}/builtin/ || true
	@[ ! -d ${OBJDIR}/utils/ ] && mkdir -p  ${OBJDIR}/utils/ || true
	@[ ! -d ${OBJDIR}/lexer/ ] && mkdir -p  ${OBJDIR}/lexer/ || true
	@[ ! -d ${OBJDIR}/expander/ ] && mkdir -p  ${OBJDIR}/expander/ || true
	@$(CC) $(CFLAGS) -c ${INC} $< -o $@
	

objs/builtin/ft_cd.o: srcs/builtin/ft_cd.c
#  Implicit rule search has been done.
#  Implicit/static pattern stem: `builtin/ft_cd'
#  Last modified 2022-08-12 17:03:15
#  File has been updated.
#  Successfully updated.
# variable set hash-table stats:
# Load=0/32=0%, Rehash=0, Collisions=0/0=0%
#  commands to execute (from `Makefile', line 72):
	@[ ! -d ${OBJDIR} ] && mkdir -p  ${OBJDIR} || true
	@[ ! -d ${OBJDIR}/exec/ ] && mkdir -p  ${OBJDIR}/exec/ || true
	@[ ! -d ${OBJDIR}/parser/ ] && mkdir -p  ${OBJDIR}/parser/ || true
	@[ ! -d ${OBJDIR}/builtin/ ] && mkdir -p  ${OBJDIR}/builtin/ || true
	@[ ! -d ${OBJDIR}/utils/ ] && mkdir -p  ${OBJDIR}/utils/ || true
	@[ ! -d ${OBJDIR}/lexer/ ] && mkdir -p  ${OBJDIR}/lexer/ || true
	@[ ! -d ${OBJDIR}/expander/ ] && mkdir -p  ${OBJDIR}/expander/ || true
	@$(CC) $(CFLAGS) -c ${INC} $< -o $@
	

objs/parser/convert_tokens_to_commands.o: srcs/parser/convert_tokens_to_commands.c
#  Implicit rule search has been done.
#  Implicit/static pattern stem: `parser/convert_tokens_to_commands'
#  Last modified 2022-08-12 17:03:12
#  File has been updated.
#  Successfully updated.
# variable set hash-table stats:
# Load=0/32=0%, Rehash=0, Collisions=0/0=0%
#  commands to execute (from `Makefile', line 72):
	@[ ! -d ${OBJDIR} ] && mkdir -p  ${OBJDIR} || true
	@[ ! -d ${OBJDIR}/exec/ ] && mkdir -p  ${OBJDIR}/exec/ || true
	@[ ! -d ${OBJDIR}/parser/ ] && mkdir -p  ${OBJDIR}/parser/ || true
	@[ ! -d ${OBJDIR}/builtin/ ] && mkdir -p  ${OBJDIR}/builtin/ || true
	@[ ! -d ${OBJDIR}/utils/ ] && mkdir -p  ${OBJDIR}/utils/ || true
	@[ ! -d ${OBJDIR}/lexer/ ] && mkdir -p  ${OBJDIR}/lexer/ || true
	@[ ! -d ${OBJDIR}/expander/ ] && mkdir -p  ${OBJDIR}/expander/ || true
	@$(CC) $(CFLAGS) -c ${INC} $< -o $@
	

# Not a target:
srcs/parser/commands_handler.c:
#  Implicit rule search has been done.
#  Last modified 2022-08-12 16:59:18
#  File has been updated.
#  Successfully updated.
# variable set hash-table stats:
# Load=0/32=0%, Rehash=0, Collisions=0/0=0%

re: fclean all
#  Phony target (prerequisite of .PHONY).
#  Implicit rule search has not been done.
#  File does not exist.
#  File has not been updated.

objs/exec/signals.o: srcs/exec/signals.c
#  Implicit rule search has been done.
#  Implicit/static pattern stem: `exec/signals'
#  Last modified 2022-08-12 17:03:15
#  File has been updated.
#  Successfully updated.
# variable set hash-table stats:
# Load=0/32=0%, Rehash=0, Collisions=0/0=0%
#  commands to execute (from `Makefile', line 72):
	@[ ! -d ${OBJDIR} ] && mkdir -p  ${OBJDIR} || true
	@[ ! -d ${OBJDIR}/exec/ ] && mkdir -p  ${OBJDIR}/exec/ || true
	@[ ! -d ${OBJDIR}/parser/ ] && mkdir -p  ${OBJDIR}/parser/ || true
	@[ ! -d ${OBJDIR}/builtin/ ] && mkdir -p  ${OBJDIR}/builtin/ || true
	@[ ! -d ${OBJDIR}/utils/ ] && mkdir -p  ${OBJDIR}/utils/ || true
	@[ ! -d ${OBJDIR}/lexer/ ] && mkdir -p  ${OBJDIR}/lexer/ || true
	@[ ! -d ${OBJDIR}/expander/ ] && mkdir -p  ${OBJDIR}/expander/ || true
	@$(CC) $(CFLAGS) -c ${INC} $< -o $@
	

clean:
#  Phony target (prerequisite of .PHONY).
#  Implicit rule search has not been done.
#  File does not exist.
#  File has not been updated.
#  commands to execute (from `Makefile', line 97):
	@${RM} ${OBJS}
	@${RM} ${OBJSB}
	@${RM} ${OBJDIR}
	@${RM} ${OBJBDIR}
	@echo "Object files removed."
	

# Not a target:
srcs/exec/gnl.c:
#  Implicit rule search has been done.
#  Last modified 2022-08-12 16:24:07
#  File has been updated.
#  Successfully updated.
# variable set hash-table stats:
# Load=0/32=0%, Rehash=0, Collisions=0/0=0%

# Not a target:
srcs/parser/free_parser.c:
#  Implicit rule search has been done.
#  Last modified 2022-08-12 16:24:07
#  File has been updated.
#  Successfully updated.
 
# variable set hash-table stats:
# Load=0/32=0%, Rehash=0, Collisions=0/0=0%

objs/lexer/tokens_utils.o: srcs/lexer/tokens_utils.c
#  Implicit rule search has been done.
#  Implicit/static pattern stem: `lexer/tokens_utils'
#  Last modified 2022-08-12 17:03:13
#  File has been updated.
#  Successfully updated.
# variable set hash-table stats:
# Load=0/32=0%, Rehash=0, Collisions=0/0=0%
#  commands to execute (from `Makefile', line 72):
	@[ ! -d ${OBJDIR} ] && mkdir -p  ${OBJDIR} || true
	@[ ! -d ${OBJDIR}/exec/ ] && mkdir -p  ${OBJDIR}/exec/ || true
	@[ ! -d ${OBJDIR}/parser/ ] && mkdir -p  ${OBJDIR}/parser/ || true
	@[ ! -d ${OBJDIR}/builtin/ ] && mkdir -p  ${OBJDIR}/builtin/ || true
	@[ ! -d ${OBJDIR}/utils/ ] && mkdir -p  ${OBJDIR}/utils/ || true
	@[ ! -d ${OBJDIR}/lexer/ ] && mkdir -p  ${OBJDIR}/lexer/ || true
	@[ ! -d ${OBJDIR}/expander/ ] && mkdir -p  ${OBJDIR}/expander/ || true
	@$(CC) $(CFLAGS) -c ${INC} $< -o $@
	

# Not a target:
srcs/exec/exec_utils.c:
#  Implicit rule search has been done.
#  Last modified 2022-08-12 16:24:07
#  File has been updated.
#  Successfully updated.
# variable set hash-table stats:
# Load=0/32=0%, Rehash=0, Collisions=0/0=0%

# Not a target:
srcs/exec/ft_fork.c:
#  Implicit rule search has been done.
#  Last modified 2022-08-12 16:24:07
#  File has been updated.
#  Successfully updated.
# variable set hash-table stats:
# Load=0/32=0%, Rehash=0, Collisions=0/0=0%

# Not a target:
srcs/exec/ft_heredoc.c:
#  Implicit rule search has been done.
#  Last modified 2022-08-12 16:24:07
#  File has been updated.
#  Successfully updated.
# variable set hash-table stats:
# Load=0/32=0%, Rehash=0, Collisions=0/0=0%

sanitize: libft/libft.a
#  Phony target (prerequisite of .PHONY).
#  Implicit rule search has not been done.
#  File does not exist.
#  File has not been updated.
#  commands to execute (from `Makefile', line 91):
	@${CC} ${CFLAGS} -fsanitize=address -g3 ${INC} ${SOURCES} -o ${NAME} ${LIBFLAGS}
	@${CC} ${CFLAGS} -fsanitize=address -g3 ${INC} ${SOURCESB} -o ${NAMEB} ${LIBFLAGS}
	@echo " Compiled with address sanitizer."
	

# Not a target:
srcs/lexer/tokens_handler.c:
#  Implicit rule search has been done.
#  Last modified 2022-08-12 16:24:07
#  File has been updated.
#  Successfully updated.
# variable set hash-table stats:
# Load=0/32=0%, Rehash=0, Collisions=0/0=0%

# Not a target:
srcs/expander/expander_utils.c:
#  Implicit rule search has been done.
#  Last modified 2022-08-12 16:24:07
#  File has been updated.
#  Successfully updated.
# variable set hash-table stats:
# Load=0/32=0%, Rehash=0, Collisions=0/0=0%

# Not a target:
srcs/utils/say_hello.c:
#  Implicit rule search has been done.
#  Last modified 2022-08-12 16:24:07
#  File has been updated.
#  Successfully updated.
# variable set hash-table stats:
# Load=0/32=0%, Rehash=0, Collisions=0/0=0%

# Not a target:
srcs/exec/env_utils.c:
#  Implicit rule search has been done.
#  Last modified 2022-08-12 16:24:07
#  File has been updated.
#  Successfully updated.
# variable set hash-table stats:
# Load=0/32=0%, Rehash=0, Collisions=0/0=0%

# Not a target:
srcs/parser/commands_utils.c:
#  Implicit rule search has been done.
#  Last modified 2022-08-12 16:24:07
#  File has been updated.
#  Successfully updated.
# variable set hash-table stats:
# Load=0/32=0%, Rehash=0, Collisions=0/0=0%

# Not a target:
srcs/builtin/ft_cd.c:
#  Implicit rule search has been done.
#  Last modified 2022-08-12 16:24:07
#  File has been updated.
#  Successfully updated.
 
# variable set hash-table stats:
# Load=0/32=0%, Rehash=0, Collisions=0/0=0%

# Not a target:
srcs/parser/convert_tokens_to_commands.c:
#  Implicit rule search has been done.
#  Last modified 2022-08-12 16:57:59
#  File has been updated.
#  Successfully updated.
# variable set hash-table stats:
# Load=0/32=0%, Rehash=0, Collisions=0/0=0%

objs/parser/redirections_handler.o: srcs/parser/redirections_handler.c
#  Implicit rule search has been done.
#  Implicit/static pattern stem: `parser/redirections_handler'
#  Last modified 2022-08-12 17:03:13
#  File has been updated.
#  Successfully updated.
# variable set hash-table stats:
# Load=0/32=0%, Rehash=0, Collisions=0/0=0%
#  commands to execute (from `Makefile', line 72):
	@[ ! -d ${OBJDIR} ] && mkdir -p  ${OBJDIR} || true
	@[ ! -d ${OBJDIR}/exec/ ] && mkdir -p  ${OBJDIR}/exec/ || true
	@[ ! -d ${OBJDIR}/parser/ ] && mkdir -p  ${OBJDIR}/parser/ || true
	@[ ! -d ${OBJDIR}/builtin/ ] && mkdir -p  ${OBJDIR}/builtin/ || true
	@[ ! -d ${OBJDIR}/utils/ ] && mkdir -p  ${OBJDIR}/utils/ || true
	@[ ! -d ${OBJDIR}/lexer/ ] && mkdir -p  ${OBJDIR}/lexer/ || true
	@[ ! -d ${OBJDIR}/expander/ ] && mkdir -p  ${OBJDIR}/expander/ || true
	@$(CC) $(CFLAGS) -c ${INC} $< -o $@
	

objs/builtin/ft_echo.o: srcs/builtin/ft_echo.c
#  Implicit rule search has been done.
#  Implicit/static pattern stem: `builtin/ft_echo'
#  Last modified 2022-08-12 17:03:15
#  File has been updated.
#  Successfully updated.
# variable set hash-table stats:
# Load=0/32=0%, Rehash=0, Collisions=0/0=0%
#  commands to execute (from `Makefile', line 72):
	@[ ! -d ${OBJDIR} ] && mkdir -p  ${OBJDIR} || true
	@[ ! -d ${OBJDIR}/exec/ ] && mkdir -p  ${OBJDIR}/exec/ || true
	@[ ! -d ${OBJDIR}/parser/ ] && mkdir -p  ${OBJDIR}/parser/ || true
	@[ ! -d ${OBJDIR}/builtin/ ] && mkdir -p  ${OBJDIR}/builtin/ || true
	@[ ! -d ${OBJDIR}/utils/ ] && mkdir -p  ${OBJDIR}/utils/ || true
	@[ ! -d ${OBJDIR}/lexer/ ] && mkdir -p  ${OBJDIR}/lexer/ || true
	@[ ! -d ${OBJDIR}/expander/ ] && mkdir -p  ${OBJDIR}/expander/ || true
	@$(CC) $(CFLAGS) -c ${INC} $< -o $@
	

objs/parser/splitter.o: srcs/parser/splitter.c
#  Implicit rule search has been done.
#  Implicit/static pattern stem: `parser/splitter'
#  Last modified 2022-08-12 17:03:12
#  File has been updated.
#  Successfully updated.
# variable set hash-table stats:
# Load=0/32=0%, Rehash=0, Collisions=0/0=0%
#  commands to execute (from `Makefile', line 72):
	@[ ! -d ${OBJDIR} ] && mkdir -p  ${OBJDIR} || true
	@[ ! -d ${OBJDIR}/exec/ ] && mkdir -p  ${OBJDIR}/exec/ || true
	@[ ! -d ${OBJDIR}/parser/ ] && mkdir -p  ${OBJDIR}/parser/ || true
	@[ ! -d ${OBJDIR}/builtin/ ] && mkdir -p  ${OBJDIR}/builtin/ || true
	@[ ! -d ${OBJDIR}/utils/ ] && mkdir -p  ${OBJDIR}/utils/ || true
	@[ ! -d ${OBJDIR}/lexer/ ] && mkdir -p  ${OBJDIR}/lexer/ || true
	@[ ! -d ${OBJDIR}/expander/ ] && mkdir -p  ${OBJDIR}/expander/ || true
	@$(CC) $(CFLAGS) -c ${INC} $< -o $@
	

objs/builtin/builtin_utils.o: srcs/builtin/builtin_utils.c
#  Implicit rule search has been done.
#  Implicit/static pattern stem: `builtin/builtin_utils'
#  Last modified 2022-08-12 17:03:15
#  File has been updated.
#  Successfully updated.
# variable set hash-table stats:
# Load=0/32=0%, Rehash=0, Collisions=0/0=0%
#  commands to execute (from `Makefile', line 72):
	@[ ! -d ${OBJDIR} ] && mkdir -p  ${OBJDIR} || true
	@[ ! -d ${OBJDIR}/exec/ ] && mkdir -p  ${OBJDIR}/exec/ || true
	@[ ! -d ${OBJDIR}/parser/ ] && mkdir -p  ${OBJDIR}/parser/ || true
	@[ ! -d ${OBJDIR}/builtin/ ] && mkdir -p  ${OBJDIR}/builtin/ || true
	@[ ! -d ${OBJDIR}/utils/ ] && mkdir -p  ${OBJDIR}/utils/ || true
	@[ ! -d ${OBJDIR}/lexer/ ] && mkdir -p  ${OBJDIR}/lexer/ || true
	@[ ! -d ${OBJDIR}/expander/ ] && mkdir -p  ${OBJDIR}/expander/ || true
	@$(CC) $(CFLAGS) -c ${INC} $< -o $@
	

objs/parser/trimmer.o: srcs/parser/trimmer.c
#  Implicit rule search has been done.
#  Implicit/static pattern stem: `parser/trimmer'
#  Last modified 2022-08-12 17:03:12
#  File has been updated.
#  Successfully updated.
# variable set hash-table stats:
# Load=0/32=0%, Rehash=0, Collisions=0/0=0%
#  commands to execute (from `Makefile', line 72):
	@[ ! -d ${OBJDIR} ] && mkdir -p  ${OBJDIR} || true
	@[ ! -d ${OBJDIR}/exec/ ] && mkdir -p  ${OBJDIR}/exec/ || true
	@[ ! -d ${OBJDIR}/parser/ ] && mkdir -p  ${OBJDIR}/parser/ || true
	@[ ! -d ${OBJDIR}/builtin/ ] && mkdir -p  ${OBJDIR}/builtin/ || true
	@[ ! -d ${OBJDIR}/utils/ ] && mkdir -p  ${OBJDIR}/utils/ || true
	@[ ! -d ${OBJDIR}/lexer/ ] && mkdir -p  ${OBJDIR}/lexer/ || true
	@[ ! -d ${OBJDIR}/expander/ ] && mkdir -p  ${OBJDIR}/expander/ || true
	@$(CC) $(CFLAGS) -c ${INC} $< -o $@
	

objs/builtin/ft_export.o: srcs/builtin/ft_export.c
#  Implicit rule search has been done.
#  Implicit/static pattern stem: `builtin/ft_export'
#  Last modified 2022-08-12 17:03:15
#  File has been updated.
 
#  Successfully updated.
# variable set hash-table stats:
# Load=0/32=0%, Rehash=0, Collisions=0/0=0%
#  commands to execute (from `Makefile', line 72):
	@[ ! -d ${OBJDIR} ] && mkdir -p  ${OBJDIR} || true
	@[ ! -d ${OBJDIR}/exec/ ] && mkdir -p  ${OBJDIR}/exec/ || true
	@[ ! -d ${OBJDIR}/parser/ ] && mkdir -p  ${OBJDIR}/parser/ || true
	@[ ! -d ${OBJDIR}/builtin/ ] && mkdir -p  ${OBJDIR}/builtin/ || true
	@[ ! -d ${OBJDIR}/utils/ ] && mkdir -p  ${OBJDIR}/utils/ || true
	@[ ! -d ${OBJDIR}/lexer/ ] && mkdir -p  ${OBJDIR}/lexer/ || true
	@[ ! -d ${OBJDIR}/expander/ ] && mkdir -p  ${OBJDIR}/expander/ || true
	@$(CC) $(CFLAGS) -c ${INC} $< -o $@
	

objs/exec/ft_exec.o: srcs/exec/ft_exec.c
#  Implicit rule search has been done.
#  Implicit/static pattern stem: `exec/ft_exec'
#  Last modified 2022-08-12 17:03:14
#  File has been updated.
#  Successfully updated.
# variable set hash-table stats:
# Load=0/32=0%, Rehash=0, Collisions=0/0=0%
#  commands to execute (from `Makefile', line 72):
	@[ ! -d ${OBJDIR} ] && mkdir -p  ${OBJDIR} || true
	@[ ! -d ${OBJDIR}/exec/ ] && mkdir -p  ${OBJDIR}/exec/ || true
	@[ ! -d ${OBJDIR}/parser/ ] && mkdir -p  ${OBJDIR}/parser/ || true
	@[ ! -d ${OBJDIR}/builtin/ ] && mkdir -p  ${OBJDIR}/builtin/ || true
	@[ ! -d ${OBJDIR}/utils/ ] && mkdir -p  ${OBJDIR}/utils/ || true
	@[ ! -d ${OBJDIR}/lexer/ ] && mkdir -p  ${OBJDIR}/lexer/ || true
	@[ ! -d ${OBJDIR}/expander/ ] && mkdir -p  ${OBJDIR}/expander/ || true
	@$(CC) $(CFLAGS) -c ${INC} $< -o $@
	

objs/lexer/analyze_tokens.o: srcs/lexer/analyze_tokens.c
#  Implicit rule search has been done.
#  Implicit/static pattern stem: `lexer/analyze_tokens'
#  Last modified 2022-08-12 17:03:13
#  File has been updated.
#  Successfully updated.
# variable set hash-table stats:
# Load=0/32=0%, Rehash=0, Collisions=0/0=0%
#  commands to execute (from `Makefile', line 72):
	@[ ! -d ${OBJDIR} ] && mkdir -p  ${OBJDIR} || true
	@[ ! -d ${OBJDIR}/exec/ ] && mkdir -p  ${OBJDIR}/exec/ || true
	@[ ! -d ${OBJDIR}/parser/ ] && mkdir -p  ${OBJDIR}/parser/ || true
	@[ ! -d ${OBJDIR}/builtin/ ] && mkdir -p  ${OBJDIR}/builtin/ || true
	@[ ! -d ${OBJDIR}/utils/ ] && mkdir -p  ${OBJDIR}/utils/ || true
	@[ ! -d ${OBJDIR}/lexer/ ] && mkdir -p  ${OBJDIR}/lexer/ || true
	@[ ! -d ${OBJDIR}/expander/ ] && mkdir -p  ${OBJDIR}/expander/ || true
	@$(CC) $(CFLAGS) -c ${INC} $< -o $@
	

objs/expander/expander.o: srcs/expander/expander.c
#  Implicit rule search has been done.
#  Implicit/static pattern stem: `expander/expander'
#  Last modified 2022-08-12 17:03:13
#  File has been updated.
#  Successfully updated.
# variable set hash-table stats:
# Load=0/32=0%, Rehash=0, Collisions=0/0=0%
#  commands to execute (from `Makefile', line 72):
	@[ ! -d ${OBJDIR} ] && mkdir -p  ${OBJDIR} || true
	@[ ! -d ${OBJDIR}/exec/ ] && mkdir -p  ${OBJDIR}/exec/ || true
	@[ ! -d ${OBJDIR}/parser/ ] && mkdir -p  ${OBJDIR}/parser/ || true
	@[ ! -d ${OBJDIR}/builtin/ ] && mkdir -p  ${OBJDIR}/builtin/ || true
	@[ ! -d ${OBJDIR}/utils/ ] && mkdir -p  ${OBJDIR}/utils/ || true
	@[ ! -d ${OBJDIR}/lexer/ ] && mkdir -p  ${OBJDIR}/lexer/ || true
	@[ ! -d ${OBJDIR}/expander/ ] && mkdir -p  ${OBJDIR}/expander/ || true
	@$(CC) $(CFLAGS) -c ${INC} $< -o $@
	

objs/lexer/check_tokens.o: srcs/lexer/check_tokens.c
#  Implicit rule search has been done.
#  Implicit/static pattern stem: `lexer/check_tokens'
#  Last modified 2022-08-12 17:03:12
#  File has been updated.
#  Successfully updated.
# variable set hash-table stats:
# Load=0/32=0%, Rehash=0, Collisions=0/0=0%
#  commands to execute (from `Makefile', line 72):
	@[ ! -d ${OBJDIR} ] && mkdir -p  ${OBJDIR} || true
	@[ ! -d ${OBJDIR}/exec/ ] && mkdir -p  ${OBJDIR}/exec/ || true
	@[ ! -d ${OBJDIR}/parser/ ] && mkdir -p  ${OBJDIR}/parser/ || true
	@[ ! -d ${OBJDIR}/builtin/ ] && mkdir -p  ${OBJDIR}/builtin/ || true
	@[ ! -d ${OBJDIR}/utils/ ] && mkdir -p  ${OBJDIR}/utils/ || true
	@[ ! -d ${OBJDIR}/lexer/ ] && mkdir -p  ${OBJDIR}/lexer/ || true
	@[ ! -d ${OBJDIR}/expander/ ] && mkdir -p  ${OBJDIR}/expander/ || true
	@$(CC) $(CFLAGS) -c ${INC} $< -o $@
	

# files hash-table stats:
# Load=96/1024=9%, Rehash=0, Collisions=21/289=7%
# VPATH Search Paths

# No `vpath' search paths.

# No general (`VPATH' variable) search path.

# # of strings in strcache: 1
# # of strcache buffers: 1
# strcache size: total = 4096 / max = 4096 / min = 4096 / avg = 4096
 
# strcache free: total = 4087 / max = 4087 / min = 4087 / avg = 4087

# Finished Make data base on Fri Aug 12 17:12:06 2022

 
